<?xml version="1.0" encoding="UTF-8"?>
<!-- Generated by org.testng.reporters.JUnitXMLReporter -->
<testsuite hostname="DESKTOP-ONH91QT" name="Default test" tests="42" failures="0" timestamp="22 Aug 2016 11:34:00 GMT" time="960.023" errors="0">
  <testcase name="allLinksInPage" time="3.204" classname="AutomateForm.ValidateAllLinks"/>
  <testcase name="validateLinks" time="0.014" classname="AutomateForm.ValidateAllLinks"/>
  <testcase name="validateLinks" time="5.018" classname="AutomateForm.ValidateAllLinks"/>
  <testcase name="validateLinks" time="0.632" classname="AutomateForm.ValidateAllLinks"/>
  <testcase name="validateLinks" time="0.584" classname="AutomateForm.ValidateAllLinks"/>
  <testcase name="validateLinks" time="1.522" classname="AutomateForm.ValidateAllLinks"/>
  <testcase name="validateLinks" time="2.429" classname="AutomateForm.ValidateAllLinks"/>
  <testcase name="validateLinks" time="0.536" classname="AutomateForm.ValidateAllLinks"/>
  <testcase name="validateLinks" time="0.547" classname="AutomateForm.ValidateAllLinks"/>
  <testcase name="validateLinks" time="1.053" classname="AutomateForm.ValidateAllLinks"/>
  <testcase name="validateLinks" time="0.541" classname="AutomateForm.ValidateAllLinks"/>
  <testcase name="validateLinks" time="1.069" classname="AutomateForm.ValidateAllLinks"/>
  <testcase name="validateLinks" time="0.543" classname="AutomateForm.ValidateAllLinks"/>
  <testcase name="validateLinks" time="0.535" classname="AutomateForm.ValidateAllLinks"/>
  <testcase name="validateLinks" time="1.073" classname="AutomateForm.ValidateAllLinks"/>
  <testcase name="validateLinks" time="0.534" classname="AutomateForm.ValidateAllLinks"/>
  <testcase name="validateLinks" time="0.532" classname="AutomateForm.ValidateAllLinks"/>
  <testcase name="validateLinks" time="0.53" classname="AutomateForm.ValidateAllLinks"/>
  <testcase name="validateLinks" time="0.531" classname="AutomateForm.ValidateAllLinks"/>
  <testcase name="validateLinks" time="0.53" classname="AutomateForm.ValidateAllLinks"/>
  <testcase name="validateLinks" time="0.524" classname="AutomateForm.ValidateAllLinks"/>
  <testcase name="validateLinks" time="1.398" classname="AutomateForm.ValidateAllLinks"/>
  <testcase name="validateLinks" time="0.535" classname="AutomateForm.ValidateAllLinks"/>
  <testcase name="validateLinks" time="0.522" classname="AutomateForm.ValidateAllLinks"/>
  <testcase name="validateLinks" time="0.536" classname="AutomateForm.ValidateAllLinks"/>
  <testcase name="validateLinks" time="0.937" classname="AutomateForm.ValidateAllLinks"/>
  <testcase name="validateLinks" time="1.077" classname="AutomateForm.ValidateAllLinks"/>
  <testcase name="validateLinks" time="0.539" classname="AutomateForm.ValidateAllLinks"/>
  <testcase name="validateLinks" time="0.54" classname="AutomateForm.ValidateAllLinks"/>
  <testcase name="validateLinks" time="0.542" classname="AutomateForm.ValidateAllLinks"/>
  <testcase name="validateLinks" time="0.532" classname="AutomateForm.ValidateAllLinks"/>
  <testcase name="validateLinks" time="0.533" classname="AutomateForm.ValidateAllLinks"/>
  <testcase name="validateLinks" time="0.536" classname="AutomateForm.ValidateAllLinks"/>
  <testcase name="validateLinks" time="0.533" classname="AutomateForm.ValidateAllLinks"/>
  <testcase name="validateLinks" time="0.532" classname="AutomateForm.ValidateAllLinks"/>
  <testcase name="validateLinks" time="0.535" classname="AutomateForm.ValidateAllLinks"/>
  <testcase name="validateLinks" time="1.077" classname="AutomateForm.ValidateAllLinks"/>
  <testcase name="validateLinks" time="0.537" classname="AutomateForm.ValidateAllLinks"/>
  <testcase name="validateLinks" time="0.538" classname="AutomateForm.ValidateAllLinks"/>
  <testcase name="validateLinks" time="0.536" classname="AutomateForm.ValidateAllLinks"/>
  <testcase name="validateLinks" time="0.729" classname="AutomateForm.ValidateAllLinks"/>
  <testcase name="linksInPage" time="886.185" classname="AutomateForm.ValidateAllLinks"/>
</testsuite> <!-- Default test -->
