<?xml version="1.0" encoding="UTF-8"?>
<!-- Generated by org.testng.reporters.JUnitXMLReporter -->
<testsuite hostname="DESKTOP-ONH91QT" name="Regression" tests="90" failures="0" timestamp="21 Aug 2016 08:40:30 GMT" time="88.856" errors="0">
  <testcase name="allLinksInPage" time="2.888" classname="AutomateForm.ValidateAllLinks"/>
  <testcase name="validateLinks" time="0.034" classname="AutomateForm.ValidateAllLinks"/>
  <testcase name="validateLinks" time="0.858" classname="AutomateForm.ValidateAllLinks"/>
  <testcase name="validateLinks" time="0.464" classname="AutomateForm.ValidateAllLinks"/>
  <testcase name="validateLinks" time="0.577" classname="AutomateForm.ValidateAllLinks"/>
  <testcase name="validateLinks" time="1.522" classname="AutomateForm.ValidateAllLinks"/>
  <testcase name="validateLinks" time="4.075" classname="AutomateForm.ValidateAllLinks"/>
  <testcase name="validateLinks" time="0.543" classname="AutomateForm.ValidateAllLinks"/>
  <testcase name="validateLinks" time="0.545" classname="AutomateForm.ValidateAllLinks"/>
  <testcase name="validateLinks" time="1.062" classname="AutomateForm.ValidateAllLinks"/>
  <testcase name="validateLinks" time="0.531" classname="AutomateForm.ValidateAllLinks"/>
  <testcase name="validateLinks" time="0.528" classname="AutomateForm.ValidateAllLinks"/>
  <testcase name="validateLinks" time="1.058" classname="AutomateForm.ValidateAllLinks"/>
  <testcase name="validateLinks" time="0.535" classname="AutomateForm.ValidateAllLinks"/>
  <testcase name="validateLinks" time="0.735" classname="AutomateForm.ValidateAllLinks"/>
  <testcase name="validateLinks" time="1.061" classname="AutomateForm.ValidateAllLinks"/>
  <testcase name="validateLinks" time="1.053" classname="AutomateForm.ValidateAllLinks"/>
  <testcase name="validateLinks" time="0.539" classname="AutomateForm.ValidateAllLinks"/>
  <testcase name="validateLinks" time="0.531" classname="AutomateForm.ValidateAllLinks"/>
  <testcase name="validateLinks" time="0.539" classname="AutomateForm.ValidateAllLinks"/>
  <testcase name="validateLinks" time="0.516" classname="AutomateForm.ValidateAllLinks"/>
  <testcase name="validateLinks" time="0.529" classname="AutomateForm.ValidateAllLinks"/>
  <testcase name="validateLinks" time="0.531" classname="AutomateForm.ValidateAllLinks"/>
  <testcase name="validateLinks" time="0.541" classname="AutomateForm.ValidateAllLinks"/>
  <testcase name="validateLinks" time="0.531" classname="AutomateForm.ValidateAllLinks"/>
  <testcase name="validateLinks" time="0.55" classname="AutomateForm.ValidateAllLinks"/>
  <testcase name="validateLinks" time="0.552" classname="AutomateForm.ValidateAllLinks"/>
  <testcase name="validateLinks" time="0.545" classname="AutomateForm.ValidateAllLinks"/>
  <testcase name="validateLinks" time="0.54" classname="AutomateForm.ValidateAllLinks"/>
  <testcase name="validateLinks" time="0.539" classname="AutomateForm.ValidateAllLinks"/>
  <testcase name="validateLinks" time="0.542" classname="AutomateForm.ValidateAllLinks"/>
  <testcase name="validateLinks" time="1.077" classname="AutomateForm.ValidateAllLinks"/>
  <testcase name="validateLinks" time="0.529" classname="AutomateForm.ValidateAllLinks"/>
  <testcase name="validateLinks" time="0.525" classname="AutomateForm.ValidateAllLinks"/>
  <testcase name="validateLinks" time="0.533" classname="AutomateForm.ValidateAllLinks"/>
  <testcase name="validateLinks" time="0.533" classname="AutomateForm.ValidateAllLinks"/>
  <testcase name="validateLinks" time="0.531" classname="AutomateForm.ValidateAllLinks"/>
  <testcase name="validateLinks" time="0.531" classname="AutomateForm.ValidateAllLinks"/>
  <testcase name="validateLinks" time="0.517" classname="AutomateForm.ValidateAllLinks"/>
  <testcase name="validateLinks" time="0.52" classname="AutomateForm.ValidateAllLinks"/>
  <testcase name="validateLinks" time="0.527" classname="AutomateForm.ValidateAllLinks"/>
  <testcase name="validateLinks" time="0.741" classname="AutomateForm.ValidateAllLinks"/>
  <testcase name="validateLinks" time="0.537" classname="AutomateForm.ValidateAllLinks"/>
  <testcase name="validateLinks" time="1.072" classname="AutomateForm.ValidateAllLinks"/>
  <testcase name="validateLinks" time="0.533" classname="AutomateForm.ValidateAllLinks"/>
  <testcase name="validateLinks" time="0.523" classname="AutomateForm.ValidateAllLinks"/>
  <testcase name="validateLinks" time="0.522" classname="AutomateForm.ValidateAllLinks"/>
  <testcase name="validateLinks" time="1.059" classname="AutomateForm.ValidateAllLinks"/>
  <testcase name="validateLinks" time="0.53" classname="AutomateForm.ValidateAllLinks"/>
  <testcase name="validateLinks" time="0.543" classname="AutomateForm.ValidateAllLinks"/>
  <testcase name="validateLinks" time="1.053" classname="AutomateForm.ValidateAllLinks"/>
  <testcase name="validateLinks" time="0.532" classname="AutomateForm.ValidateAllLinks"/>
  <testcase name="validateLinks" time="1.056" classname="AutomateForm.ValidateAllLinks"/>
  <testcase name="validateLinks" time="0.532" classname="AutomateForm.ValidateAllLinks"/>
  <testcase name="validateLinks" time="0.526" classname="AutomateForm.ValidateAllLinks"/>
  <testcase name="validateLinks" time="0.54" classname="AutomateForm.ValidateAllLinks"/>
  <testcase name="validateLinks" time="0.533" classname="AutomateForm.ValidateAllLinks"/>
  <testcase name="validateLinks" time="0.532" classname="AutomateForm.ValidateAllLinks"/>
  <testcase name="validateLinks" time="0.536" classname="AutomateForm.ValidateAllLinks"/>
  <testcase name="validateLinks" time="0.548" classname="AutomateForm.ValidateAllLinks"/>
  <testcase name="validateLinks" time="0.538" classname="AutomateForm.ValidateAllLinks"/>
  <testcase name="validateLinks" time="0.539" classname="AutomateForm.ValidateAllLinks"/>
  <testcase name="validateLinks" time="0.537" classname="AutomateForm.ValidateAllLinks"/>
  <testcase name="validateLinks" time="0.522" classname="AutomateForm.ValidateAllLinks"/>
  <testcase name="validateLinks" time="0.525" classname="AutomateForm.ValidateAllLinks"/>
  <testcase name="validateLinks" time="0.528" classname="AutomateForm.ValidateAllLinks"/>
  <testcase name="validateLinks" time="0.533" classname="AutomateForm.ValidateAllLinks"/>
  <testcase name="validateLinks" time="0.541" classname="AutomateForm.ValidateAllLinks"/>
  <testcase name="validateLinks" time="0.524" classname="AutomateForm.ValidateAllLinks"/>
  <testcase name="validateLinks" time="0.53" classname="AutomateForm.ValidateAllLinks"/>
  <testcase name="validateLinks" time="0.732" classname="AutomateForm.ValidateAllLinks"/>
  <testcase name="validateLinks" time="1.741" classname="AutomateForm.ValidateAllLinks"/>
  <testcase name="validateLinks" time="1.784" classname="AutomateForm.ValidateAllLinks"/>
  <testcase name="validateLinks" time="1.03" classname="AutomateForm.ValidateAllLinks"/>
  <testcase name="validateLinks" time="1.026" classname="AutomateForm.ValidateAllLinks"/>
  <testcase name="validateLinks" time="1.547" classname="AutomateForm.ValidateAllLinks"/>
  <testcase name="validateLinks" time="1.027" classname="AutomateForm.ValidateAllLinks"/>
  <testcase name="validateLinks" time="1.035" classname="AutomateForm.ValidateAllLinks"/>
  <testcase name="validateLinks" time="0.538" classname="AutomateForm.ValidateAllLinks"/>
  <testcase name="validateLinks" time="1.028" classname="AutomateForm.ValidateAllLinks"/>
  <testcase name="validateLinks" time="0.525" classname="AutomateForm.ValidateAllLinks"/>
  <testcase name="validateLinks" time="0.536" classname="AutomateForm.ValidateAllLinks"/>
  <testcase name="validateLinks" time="1.037" classname="AutomateForm.ValidateAllLinks"/>
  <testcase name="validateLinks" time="1.029" classname="AutomateForm.ValidateAllLinks"/>
  <testcase name="validateLinks" time="1.035" classname="AutomateForm.ValidateAllLinks"/>
  <testcase name="validateLinks" time="1.035" classname="AutomateForm.ValidateAllLinks"/>
  <testcase name="validateLinks" time="0.532" classname="AutomateForm.ValidateAllLinks"/>
  <testcase name="validateLinks" time="1.027" classname="AutomateForm.ValidateAllLinks"/>
  <testcase name="validateLinks" time="1.855" classname="AutomateForm.ValidateAllLinks"/>
  <testcase name="validateLinks" time="1.033" classname="AutomateForm.ValidateAllLinks"/>
</testsuite> <!-- Regression -->
