<?xml version="1.0" encoding="UTF-8"?>
<!-- Generated by org.testng.reporters.JUnitXMLReporter -->
<testsuite hostname="DESKTOP-ONH91QT" name="Regression" tests="2" failures="0" timestamp="31 Jul 2016 11:06:55 GMT" time="28.497" errors="0">
  <testcase name="allLinksInPage" time="12.66" classname="AutomateForm.ValidteLinks"/>
  <testcase name="validateInvalidLinks" time="0.0" classname="AutomateForm.ValidteLinks">
    <skipped/>
  </testcase> <!-- validateInvalidLinks -->
</testsuite> <!-- Regression -->
