<?xml version="1.0" encoding="UTF-8"?>
<testng-results skipped="0" failed="0" total="42" passed="42">
  <reporter-output>
  </reporter-output>
  <suite name="Default suite" duration-ms="960023" started-at="2016-08-22T11:18:00Z" finished-at="2016-08-22T11:34:00Z">
    <groups>
    </groups>
    <test name="Default test" duration-ms="960023" started-at="2016-08-22T11:18:00Z" finished-at="2016-08-22T11:34:00Z">
      <class name="AutomateForm.ValidateAllLinks">
        <test-method status="PASS" signature="openBrowser()[pri:0, instance:AutomateForm.ValidateAllLinks@70fda8]" name="openBrowser" is-config="true" duration-ms="37951" started-at="2016-08-22T16:48:00Z" finished-at="2016-08-22T16:48:38Z">
          <reporter-output>
          </reporter-output>
        </test-method> <!-- openBrowser -->
        <test-method status="PASS" signature="allLinksInPage()[pri:0, instance:AutomateForm.ValidateAllLinks@70fda8]" name="allLinksInPage" duration-ms="3204" started-at="2016-08-22T16:48:38Z" finished-at="2016-08-22T16:48:41Z">
          <reporter-output>
          </reporter-output>
        </test-method> <!-- allLinksInPage -->
        <test-method status="PASS" signature="validateLinks(java.lang.String)[pri:0, instance:AutomateForm.ValidateAllLinks@70fda8]" name="validateLinks" duration-ms="14" started-at="2016-08-22T16:48:41Z" data-provider="getLinkData" depends-on-methods="AutomateForm.ValidateAllLinks.allLinksInPage" finished-at="2016-08-22T16:48:41Z">
          <params>
            <param index="0">
              <value>
                <![CDATA[mailto:support@seleniumframework.com]]>
              </value>
            </param>
          </params>
          <reporter-output>
          </reporter-output>
        </test-method> <!-- validateLinks -->
        <test-method status="PASS" signature="validateLinks(java.lang.String)[pri:0, instance:AutomateForm.ValidateAllLinks@70fda8]" name="validateLinks" duration-ms="5018" started-at="2016-08-22T16:48:41Z" data-provider="getLinkData" depends-on-methods="AutomateForm.ValidateAllLinks.allLinksInPage" finished-at="2016-08-22T16:48:46Z">
          <params>
            <param index="0">
              <value>
                <![CDATA[https://plus.google.com/111979135243110831526/posts]]>
              </value>
            </param>
          </params>
          <reporter-output>
          </reporter-output>
        </test-method> <!-- validateLinks -->
        <test-method status="PASS" signature="validateLinks(java.lang.String)[pri:0, instance:AutomateForm.ValidateAllLinks@70fda8]" name="validateLinks" duration-ms="632" started-at="2016-08-22T16:48:46Z" data-provider="getLinkData" depends-on-methods="AutomateForm.ValidateAllLinks.allLinksInPage" finished-at="2016-08-22T16:48:47Z">
          <params>
            <param index="0">
              <value>
                <![CDATA[https://www.youtube.com/channel/UCHl59sI3SRjQ-qPcTrgt0tA]]>
              </value>
            </param>
          </params>
          <reporter-output>
          </reporter-output>
        </test-method> <!-- validateLinks -->
        <test-method status="PASS" signature="validateLinks(java.lang.String)[pri:0, instance:AutomateForm.ValidateAllLinks@70fda8]" name="validateLinks" duration-ms="584" started-at="2016-08-22T16:48:47Z" data-provider="getLinkData" depends-on-methods="AutomateForm.ValidateAllLinks.allLinksInPage" finished-at="2016-08-22T16:48:47Z">
          <params>
            <param index="0">
              <value>
                <![CDATA[http://github.com/machzqcq/]]>
              </value>
            </param>
          </params>
          <reporter-output>
          </reporter-output>
        </test-method> <!-- validateLinks -->
        <test-method status="PASS" signature="validateLinks(java.lang.String)[pri:0, instance:AutomateForm.ValidateAllLinks@70fda8]" name="validateLinks" duration-ms="1522" started-at="2016-08-22T16:48:47Z" data-provider="getLinkData" depends-on-methods="AutomateForm.ValidateAllLinks.allLinksInPage" finished-at="2016-08-22T16:48:49Z">
          <params>
            <param index="0">
              <value>
                <![CDATA[https://www.facebook.com/groups/525066904174158/]]>
              </value>
            </param>
          </params>
          <reporter-output>
          </reporter-output>
        </test-method> <!-- validateLinks -->
        <test-method status="PASS" signature="validateLinks(java.lang.String)[pri:0, instance:AutomateForm.ValidateAllLinks@70fda8]" name="validateLinks" duration-ms="2429" started-at="2016-08-22T16:48:49Z" data-provider="getLinkData" depends-on-methods="AutomateForm.ValidateAllLinks.allLinksInPage" finished-at="2016-08-22T16:48:51Z">
          <params>
            <param index="0">
              <value>
                <![CDATA[http://seleniumframework.com/feed]]>
              </value>
            </param>
          </params>
          <reporter-output>
          </reporter-output>
        </test-method> <!-- validateLinks -->
        <test-method status="PASS" signature="validateLinks(java.lang.String)[pri:0, instance:AutomateForm.ValidateAllLinks@70fda8]" name="validateLinks" duration-ms="536" started-at="2016-08-22T16:48:51Z" data-provider="getLinkData" depends-on-methods="AutomateForm.ValidateAllLinks.allLinksInPage" finished-at="2016-08-22T16:48:52Z">
          <params>
            <param index="0">
              <value>
                <![CDATA[http://www.seleniumframework.com/]]>
              </value>
            </param>
          </params>
          <reporter-output>
          </reporter-output>
        </test-method> <!-- validateLinks -->
        <test-method status="PASS" signature="validateLinks(java.lang.String)[pri:0, instance:AutomateForm.ValidateAllLinks@70fda8]" name="validateLinks" duration-ms="547" started-at="2016-08-22T16:48:52Z" data-provider="getLinkData" depends-on-methods="AutomateForm.ValidateAllLinks.allLinksInPage" finished-at="2016-08-22T16:48:52Z">
          <params>
            <param index="0">
              <value>
                <![CDATA[http://www.seleniumframework.com/basic-tutorial/setup-ruby-and-components/]]>
              </value>
            </param>
          </params>
          <reporter-output>
          </reporter-output>
        </test-method> <!-- validateLinks -->
        <test-method status="PASS" signature="validateLinks(java.lang.String)[pri:0, instance:AutomateForm.ValidateAllLinks@70fda8]" name="validateLinks" duration-ms="1053" started-at="2016-08-22T16:48:52Z" data-provider="getLinkData" depends-on-methods="AutomateForm.ValidateAllLinks.allLinksInPage" finished-at="2016-08-22T16:48:54Z">
          <params>
            <param index="0">
              <value>
                <![CDATA[http://www.seleniumframework.com/decision-models]]>
              </value>
            </param>
          </params>
          <reporter-output>
          </reporter-output>
        </test-method> <!-- validateLinks -->
        <test-method status="PASS" signature="validateLinks(java.lang.String)[pri:0, instance:AutomateForm.ValidateAllLinks@70fda8]" name="validateLinks" duration-ms="541" started-at="2016-08-22T16:48:54Z" data-provider="getLinkData" depends-on-methods="AutomateForm.ValidateAllLinks.allLinksInPage" finished-at="2016-08-22T16:48:54Z">
          <params>
            <param index="0">
              <value>
                <![CDATA[http://www.seleniumframework.com/introduction/what-is-ruby/]]>
              </value>
            </param>
          </params>
          <reporter-output>
          </reporter-output>
        </test-method> <!-- validateLinks -->
        <test-method status="PASS" signature="validateLinks(java.lang.String)[pri:0, instance:AutomateForm.ValidateAllLinks@70fda8]" name="validateLinks" duration-ms="1069" started-at="2016-08-22T16:48:54Z" data-provider="getLinkData" depends-on-methods="AutomateForm.ValidateAllLinks.allLinksInPage" finished-at="2016-08-22T16:48:55Z">
          <params>
            <param index="0">
              <value>
                <![CDATA[http://www.seleniumframework.com/intermediate-tutorial/test-data]]>
              </value>
            </param>
          </params>
          <reporter-output>
          </reporter-output>
        </test-method> <!-- validateLinks -->
        <test-method status="PASS" signature="validateLinks(java.lang.String)[pri:0, instance:AutomateForm.ValidateAllLinks@70fda8]" name="validateLinks" duration-ms="543" started-at="2016-08-22T16:48:55Z" data-provider="getLinkData" depends-on-methods="AutomateForm.ValidateAllLinks.allLinksInPage" finished-at="2016-08-22T16:48:56Z">
          <params>
            <param index="0">
              <value>
                <![CDATA[http://www.seleniumframework.com/advanced-tutorial/headless-testing/]]>
              </value>
            </param>
          </params>
          <reporter-output>
          </reporter-output>
        </test-method> <!-- validateLinks -->
        <test-method status="PASS" signature="validateLinks(java.lang.String)[pri:0, instance:AutomateForm.ValidateAllLinks@70fda8]" name="validateLinks" duration-ms="535" started-at="2016-08-22T16:48:56Z" data-provider="getLinkData" depends-on-methods="AutomateForm.ValidateAllLinks.allLinksInPage" finished-at="2016-08-22T16:48:56Z">
          <params>
            <param index="0">
              <value>
                <![CDATA[http://www.seleniumframework.com/frameworks/what-are-frameworks/]]>
              </value>
            </param>
          </params>
          <reporter-output>
          </reporter-output>
        </test-method> <!-- validateLinks -->
        <test-method status="PASS" signature="validateLinks(java.lang.String)[pri:0, instance:AutomateForm.ValidateAllLinks@70fda8]" name="validateLinks" duration-ms="1073" started-at="2016-08-22T16:48:56Z" data-provider="getLinkData" depends-on-methods="AutomateForm.ValidateAllLinks.allLinksInPage" finished-at="2016-08-22T16:48:57Z">
          <params>
            <param index="0">
              <value>
                <![CDATA[http://www.seleniumframework.com/cucumber-jvm-2/cucumber-jvm-and-selenium/]]>
              </value>
            </param>
          </params>
          <reporter-output>
          </reporter-output>
        </test-method> <!-- validateLinks -->
        <test-method status="PASS" signature="validateLinks(java.lang.String)[pri:0, instance:AutomateForm.ValidateAllLinks@70fda8]" name="validateLinks" duration-ms="534" started-at="2016-08-22T16:48:57Z" data-provider="getLinkData" depends-on-methods="AutomateForm.ValidateAllLinks.allLinksInPage" finished-at="2016-08-22T16:48:58Z">
          <params>
            <param index="0">
              <value>
                <![CDATA[http://www.seleniumframework.com/cucumber-jvm-3/parameterize-browser/]]>
              </value>
            </param>
          </params>
          <reporter-output>
          </reporter-output>
        </test-method> <!-- validateLinks -->
        <test-method status="PASS" signature="validateLinks(java.lang.String)[pri:0, instance:AutomateForm.ValidateAllLinks@70fda8]" name="validateLinks" duration-ms="532" started-at="2016-08-22T16:48:58Z" data-provider="getLinkData" depends-on-methods="AutomateForm.ValidateAllLinks.allLinksInPage" finished-at="2016-08-22T16:48:58Z">
          <params>
            <param index="0">
              <value>
                <![CDATA[http://www.seleniumframework.com/cucumber-jvm-3/what-are-frameworks/]]>
              </value>
            </param>
          </params>
          <reporter-output>
          </reporter-output>
        </test-method> <!-- validateLinks -->
        <test-method status="PASS" signature="validateLinks(java.lang.String)[pri:0, instance:AutomateForm.ValidateAllLinks@70fda8]" name="validateLinks" duration-ms="530" started-at="2016-08-22T16:48:58Z" data-provider="getLinkData" depends-on-methods="AutomateForm.ValidateAllLinks.allLinksInPage" finished-at="2016-08-22T16:48:59Z">
          <params>
            <param index="0">
              <value>
                <![CDATA[http://www.seleniumframework.com/python-basic/what-is-python/]]>
              </value>
            </param>
          </params>
          <reporter-output>
          </reporter-output>
        </test-method> <!-- validateLinks -->
        <test-method status="PASS" signature="validateLinks(java.lang.String)[pri:0, instance:AutomateForm.ValidateAllLinks@70fda8]" name="validateLinks" duration-ms="531" started-at="2016-08-22T16:48:59Z" data-provider="getLinkData" depends-on-methods="AutomateForm.ValidateAllLinks.allLinksInPage" finished-at="2016-08-22T16:48:59Z">
          <params>
            <param index="0">
              <value>
                <![CDATA[http://www.seleniumframework.com/python-intermediate/test-data/]]>
              </value>
            </param>
          </params>
          <reporter-output>
          </reporter-output>
        </test-method> <!-- validateLinks -->
        <test-method status="PASS" signature="validateLinks(java.lang.String)[pri:0, instance:AutomateForm.ValidateAllLinks@70fda8]" name="validateLinks" duration-ms="530" started-at="2016-08-22T16:48:59Z" data-provider="getLinkData" depends-on-methods="AutomateForm.ValidateAllLinks.allLinksInPage" finished-at="2016-08-22T16:49:00Z">
          <params>
            <param index="0">
              <value>
                <![CDATA[http://www.seleniumframework.com/python-frameworks/what-are-frameworks/]]>
              </value>
            </param>
          </params>
          <reporter-output>
          </reporter-output>
        </test-method> <!-- validateLinks -->
        <test-method status="PASS" signature="validateLinks(java.lang.String)[pri:0, instance:AutomateForm.ValidateAllLinks@70fda8]" name="validateLinks" duration-ms="524" started-at="2016-08-22T16:49:00Z" data-provider="getLinkData" depends-on-methods="AutomateForm.ValidateAllLinks.allLinksInPage" finished-at="2016-08-22T16:49:01Z">
          <params>
            <param index="0">
              <value>
                <![CDATA[http://www.seleniumframework.com/setup-visual-studio/]]>
              </value>
            </param>
          </params>
          <reporter-output>
          </reporter-output>
        </test-method> <!-- validateLinks -->
        <test-method status="PASS" signature="validateLinks(java.lang.String)[pri:0, instance:AutomateForm.ValidateAllLinks@70fda8]" name="validateLinks" duration-ms="1398" started-at="2016-08-22T16:49:01Z" data-provider="getLinkData" depends-on-methods="AutomateForm.ValidateAllLinks.allLinksInPage" finished-at="2016-08-22T16:49:02Z">
          <params>
            <param index="0">
              <value>
                <![CDATA[http://www.seleniumframework.com/videos/]]>
              </value>
            </param>
          </params>
          <reporter-output>
          </reporter-output>
        </test-method> <!-- validateLinks -->
        <test-method status="PASS" signature="validateLinks(java.lang.String)[pri:0, instance:AutomateForm.ValidateAllLinks@70fda8]" name="validateLinks" duration-ms="535" started-at="2016-08-22T16:49:02Z" data-provider="getLinkData" depends-on-methods="AutomateForm.ValidateAllLinks.allLinksInPage" finished-at="2016-08-22T16:49:02Z">
          <params>
            <param index="0">
              <value>
                <![CDATA[http://www.seleniumframework.com/practice-videos/]]>
              </value>
            </param>
          </params>
          <reporter-output>
          </reporter-output>
        </test-method> <!-- validateLinks -->
        <test-method status="PASS" signature="validateLinks(java.lang.String)[pri:0, instance:AutomateForm.ValidateAllLinks@70fda8]" name="validateLinks" duration-ms="522" started-at="2016-08-22T16:49:02Z" data-provider="getLinkData" depends-on-methods="AutomateForm.ValidateAllLinks.allLinksInPage" finished-at="2016-08-22T16:49:03Z">
          <params>
            <param index="0">
              <value>
                <![CDATA[http://www.seleniumframework.com/demo-sites/]]>
              </value>
            </param>
          </params>
          <reporter-output>
          </reporter-output>
        </test-method> <!-- validateLinks -->
        <test-method status="PASS" signature="validateLinks(java.lang.String)[pri:0, instance:AutomateForm.ValidateAllLinks@70fda8]" name="validateLinks" duration-ms="536" started-at="2016-08-22T16:49:03Z" data-provider="getLinkData" depends-on-methods="AutomateForm.ValidateAllLinks.allLinksInPage" finished-at="2016-08-22T16:49:04Z">
          <params>
            <param index="0">
              <value>
                <![CDATA[http://www.seleniumframework.com/code-bases/]]>
              </value>
            </param>
          </params>
          <reporter-output>
          </reporter-output>
        </test-method> <!-- validateLinks -->
        <test-method status="PASS" signature="validateLinks(java.lang.String)[pri:0, instance:AutomateForm.ValidateAllLinks@70fda8]" name="validateLinks" duration-ms="937" started-at="2016-08-22T16:49:04Z" data-provider="getLinkData" depends-on-methods="AutomateForm.ValidateAllLinks.allLinksInPage" finished-at="2016-08-22T16:49:04Z">
          <params>
            <param index="0">
              <value>
                <![CDATA[http://www.seleniumframework.com/introduction/what-is-selenium/]]>
              </value>
            </param>
          </params>
          <reporter-output>
          </reporter-output>
        </test-method> <!-- validateLinks -->
        <test-method status="PASS" signature="validateLinks(java.lang.String)[pri:0, instance:AutomateForm.ValidateAllLinks@70fda8]" name="validateLinks" duration-ms="1077" started-at="2016-08-22T16:49:04Z" data-provider="getLinkData" depends-on-methods="AutomateForm.ValidateAllLinks.allLinksInPage" finished-at="2016-08-22T16:49:06Z">
          <params>
            <param index="0">
              <value>
                <![CDATA[http://www.seleniumframework.com/cucumber-jvm-2/selenium-java/]]>
              </value>
            </param>
          </params>
          <reporter-output>
          </reporter-output>
        </test-method> <!-- validateLinks -->
        <test-method status="PASS" signature="validateLinks(java.lang.String)[pri:0, instance:AutomateForm.ValidateAllLinks@70fda8]" name="validateLinks" duration-ms="539" started-at="2016-08-22T16:49:06Z" data-provider="getLinkData" depends-on-methods="AutomateForm.ValidateAllLinks.allLinksInPage" finished-at="2016-08-22T16:49:06Z">
          <params>
            <param index="0">
              <value>
                <![CDATA[http://www.seleniumframework.com/introduction/what-is-cucumber/]]>
              </value>
            </param>
          </params>
          <reporter-output>
          </reporter-output>
        </test-method> <!-- validateLinks -->
        <test-method status="PASS" signature="validateLinks(java.lang.String)[pri:0, instance:AutomateForm.ValidateAllLinks@70fda8]" name="validateLinks" duration-ms="540" started-at="2016-08-22T16:49:06Z" data-provider="getLinkData" depends-on-methods="AutomateForm.ValidateAllLinks.allLinksInPage" finished-at="2016-08-22T16:49:07Z">
          <params>
            <param index="0">
              <value>
                <![CDATA[http://www.seleniumframework.com/cucumber-2/make-a-case/why-cucumber/]]>
              </value>
            </param>
          </params>
          <reporter-output>
          </reporter-output>
        </test-method> <!-- validateLinks -->
        <test-method status="PASS" signature="validateLinks(java.lang.String)[pri:0, instance:AutomateForm.ValidateAllLinks@70fda8]" name="validateLinks" duration-ms="542" started-at="2016-08-22T16:49:07Z" data-provider="getLinkData" depends-on-methods="AutomateForm.ValidateAllLinks.allLinksInPage" finished-at="2016-08-22T16:49:07Z">
          <params>
            <param index="0">
              <value>
                <![CDATA[http://www.seleniumframework.com/cucumber-jvm-3/cucumber-jvm-and-selenium/]]>
              </value>
            </param>
          </params>
          <reporter-output>
          </reporter-output>
        </test-method> <!-- validateLinks -->
        <test-method status="PASS" signature="validateLinks(java.lang.String)[pri:0, instance:AutomateForm.ValidateAllLinks@70fda8]" name="validateLinks" duration-ms="532" started-at="2016-08-22T16:49:07Z" data-provider="getLinkData" depends-on-methods="AutomateForm.ValidateAllLinks.allLinksInPage" finished-at="2016-08-22T16:49:08Z">
          <params>
            <param index="0">
              <value>
                <![CDATA[http://www.seleniumframework.com/forums/]]>
              </value>
            </param>
          </params>
          <reporter-output>
          </reporter-output>
        </test-method> <!-- validateLinks -->
        <test-method status="PASS" signature="validateLinks(java.lang.String)[pri:0, instance:AutomateForm.ValidateAllLinks@70fda8]" name="validateLinks" duration-ms="533" started-at="2016-08-22T16:49:08Z" data-provider="getLinkData" depends-on-methods="AutomateForm.ValidateAllLinks.allLinksInPage" finished-at="2016-08-22T16:49:08Z">
          <params>
            <param index="0">
              <value>
                <![CDATA[http://www.seleniumframework.com/about-2/]]>
              </value>
            </param>
          </params>
          <reporter-output>
          </reporter-output>
        </test-method> <!-- validateLinks -->
        <test-method status="PASS" signature="validateLinks(java.lang.String)[pri:0, instance:AutomateForm.ValidateAllLinks@70fda8]" name="validateLinks" duration-ms="536" started-at="2016-08-22T16:49:08Z" data-provider="getLinkData" depends-on-methods="AutomateForm.ValidateAllLinks.allLinksInPage" finished-at="2016-08-22T16:49:09Z">
          <params>
            <param index="0">
              <value>
                <![CDATA[http://www.seleniumframework.com/contact-2/]]>
              </value>
            </param>
          </params>
          <reporter-output>
          </reporter-output>
        </test-method> <!-- validateLinks -->
        <test-method status="PASS" signature="validateLinks(java.lang.String)[pri:0, instance:AutomateForm.ValidateAllLinks@70fda8]" name="validateLinks" duration-ms="533" started-at="2016-08-22T16:49:09Z" data-provider="getLinkData" depends-on-methods="AutomateForm.ValidateAllLinks.allLinksInPage" finished-at="2016-08-22T16:49:09Z">
          <params>
            <param index="0">
              <value>
                <![CDATA[http://www.seleniumframework.com/Practiceform/#show-menu]]>
              </value>
            </param>
          </params>
          <reporter-output>
          </reporter-output>
        </test-method> <!-- validateLinks -->
        <test-method status="PASS" signature="validateLinks(java.lang.String)[pri:0, instance:AutomateForm.ValidateAllLinks@70fda8]" name="validateLinks" duration-ms="532" started-at="2016-08-22T16:49:09Z" data-provider="getLinkData" depends-on-methods="AutomateForm.ValidateAllLinks.allLinksInPage" finished-at="2016-08-22T16:49:10Z">
          <params>
            <param index="0">
              <value>
                <![CDATA[http://www.seleniumframework.com/Practiceform/#]]>
              </value>
            </param>
          </params>
          <reporter-output>
          </reporter-output>
        </test-method> <!-- validateLinks -->
        <test-method status="PASS" signature="validateLinks(java.lang.String)[pri:0, instance:AutomateForm.ValidateAllLinks@70fda8]" name="validateLinks" duration-ms="535" started-at="2016-08-22T16:49:10Z" data-provider="getLinkData" depends-on-methods="AutomateForm.ValidateAllLinks.allLinksInPage" finished-at="2016-08-22T16:49:10Z">
          <params>
            <param index="0">
              <value>
                <![CDATA[http://www.seleniumframework.com/Practiceform/#go]]>
              </value>
            </param>
          </params>
          <reporter-output>
          </reporter-output>
        </test-method> <!-- validateLinks -->
        <test-method status="PASS" signature="validateLinks(java.lang.String)[pri:0, instance:AutomateForm.ValidateAllLinks@70fda8]" name="validateLinks" duration-ms="1077" started-at="2016-08-22T16:49:10Z" data-provider="getLinkData" depends-on-methods="AutomateForm.ValidateAllLinks.allLinksInPage" finished-at="2016-08-22T16:49:11Z">
          <params>
            <param index="0">
              <value>
                <![CDATA[http://seleniumframework.com/]]>
              </value>
            </param>
          </params>
          <reporter-output>
          </reporter-output>
        </test-method> <!-- validateLinks -->
        <test-method status="PASS" signature="validateLinks(java.lang.String)[pri:0, instance:AutomateForm.ValidateAllLinks@70fda8]" name="validateLinks" duration-ms="537" started-at="2016-08-22T16:49:11Z" data-provider="getLinkData" depends-on-methods="AutomateForm.ValidateAllLinks.allLinksInPage" finished-at="2016-08-22T16:49:12Z">
          <params>
            <param index="0">
              <value>
                <![CDATA[http://www.seleniumframework.com/add-extensions/]]>
              </value>
            </param>
          </params>
          <reporter-output>
          </reporter-output>
        </test-method> <!-- validateLinks -->
        <test-method status="PASS" signature="validateLinks(java.lang.String)[pri:0, instance:AutomateForm.ValidateAllLinks@70fda8]" name="validateLinks" duration-ms="538" started-at="2016-08-22T16:49:12Z" data-provider="getLinkData" depends-on-methods="AutomateForm.ValidateAllLinks.allLinksInPage" finished-at="2016-08-22T16:49:13Z">
          <params>
            <param index="0">
              <value>
                <![CDATA[http://www.seleniumframework.com/setup-first-project/]]>
              </value>
            </param>
          </params>
          <reporter-output>
          </reporter-output>
        </test-method> <!-- validateLinks -->
        <test-method status="PASS" signature="validateLinks(java.lang.String)[pri:0, instance:AutomateForm.ValidateAllLinks@70fda8]" name="validateLinks" duration-ms="536" started-at="2016-08-22T16:49:13Z" data-provider="getLinkData" depends-on-methods="AutomateForm.ValidateAllLinks.allLinksInPage" finished-at="2016-08-22T16:49:13Z">
          <params>
            <param index="0">
              <value>
                <![CDATA[http://www.seleniumframework.com/browser-commands/]]>
              </value>
            </param>
          </params>
          <reporter-output>
          </reporter-output>
        </test-method> <!-- validateLinks -->
        <test-method status="PASS" signature="validateLinks(java.lang.String)[pri:0, instance:AutomateForm.ValidateAllLinks@70fda8]" name="validateLinks" duration-ms="729" started-at="2016-08-22T16:49:13Z" data-provider="getLinkData" depends-on-methods="AutomateForm.ValidateAllLinks.allLinksInPage" finished-at="2016-08-22T16:49:14Z">
          <params>
            <param index="0">
              <value>
                <![CDATA[http://www.seleniumframework.com/find-element-strategies/]]>
              </value>
            </param>
          </params>
          <reporter-output>
          </reporter-output>
        </test-method> <!-- validateLinks -->
        <test-method status="PASS" signature="linksInPage()[pri:0, instance:AutomateForm.ValidateAllLinks@70fda8]" name="linksInPage" duration-ms="886185" started-at="2016-08-22T16:49:14Z" depends-on-methods="AutomateForm.ValidateAllLinks.validateLinks" finished-at="2016-08-22T17:04:00Z">
          <reporter-output>
          </reporter-output>
        </test-method> <!-- linksInPage -->
        <test-method status="PASS" signature="closeBrowser()[pri:0, instance:AutomateForm.ValidateAllLinks@70fda8]" name="closeBrowser" is-config="true" duration-ms="0" started-at="2016-08-22T17:04:00Z" finished-at="2016-08-22T17:04:00Z">
          <reporter-output>
          </reporter-output>
        </test-method> <!-- closeBrowser -->
      </class> <!-- AutomateForm.ValidateAllLinks -->
    </test> <!-- Default test -->
  </suite> <!-- Default suite -->
</testng-results>
